2020-02-01__10:54:01 1.24 1.23 1.17 18.35 20.00℃  note
2020-02-01__10:54:03 1.24 1.23 1.17 20.78 20.00℃  note
2020-02-01__10:54:06 1.30 1.25 1.18 19.46 20.00℃  note
2020-02-01__10:54:09 1.30 1.25 1.18 13.73 20.00℃  note
2020-02-01__10:54:12 1.35 1.26 1.18 13.02 20.00℃  note
2020-02-01__10:54:14 1.35 1.26 1.18 13.63 20.00℃  note
2020-02-01__10:54:17 1.33 1.26 1.18 14.00 20.00℃  note
2020-02-01__10:54:20 1.33 1.26 1.18 12.99 20.00℃  note
2020-02-01__10:54:22 1.30 1.25 1.18 13.27 20.00℃  note
2020-02-01__10:54:25 1.30 1.25 1.18 12.75 20.00℃  note
2020-02-01__10:54:28 1.27 1.25 1.18 14.98 20.00℃  note
2020-02-01__10:54:30 1.25 1.24 1.18 12.78 20.00℃  note
2020-02-01__10:54:33 1.25 1.24 1.18 13.17 20.00℃  note
2020-02-01__10:54:36 1.23 1.24 1.18 13.63 20.00℃  note
2020-02-01__10:54:38 1.23 1.24 1.18 13.24 20.00℃  note
2020-02-01__10:54:41 1.21 1.23 1.18 12.99 20.00℃  note
2020-02-01__10:54:43 1.21 1.23 1.18 13.17 20.00℃  note
2020-02-01__10:54:46 1.20 1.23 1.18 12.96 20.00℃  note
2020-02-01__10:54:49 1.20 1.23 1.18 16.63 20.00℃  note
2020-02-01__10:54:51 1.18 1.23 1.17 13.02 20.00℃  note
2020-02-01__10:54:54 1.18 1.23 1.17 14.00 20.00℃  note
2020-02-01__10:54:57 1.25 1.24 1.18 15.40 20.00℃  note
2020-02-01__10:54:59 1.25 1.24 1.18 15.52 20.00℃  note
2020-02-01__10:55:02 1.31 1.25 1.18 27.23 20.00℃  note
2020-02-01__10:55:05 1.31 1.25 1.18 17.46 20.00℃  note
2020-02-01__10:55:08 1.36 1.26 1.19 13.48 20.00℃  note
2020-02-01__10:55:10 1.33 1.26 1.19 19.27 20.00℃  note
2020-02-01__10:55:13 1.33 1.26 1.19 12.96 20.00℃  note
2020-02-01__10:55:16 1.31 1.26 1.19 15.61 20.00℃  note
2020-02-01__10:55:18 1.31 1.26 1.19 14.98 20.00℃  note
2020-02-01__10:55:21 1.52 1.30 1.20 14.56 20.00℃  note
2020-02-01__10:55:24 1.52 1.30 1.20 18.49 20.00℃  note
2020-02-01__10:55:26 1.48 1.30 1.20 20.83 20.00℃  note
2020-02-01__10:55:29 1.48 1.30 1.20 15.61 20.00℃  note
2020-02-01__10:55:32 1.44 1.29 1.20 13.02 20.00℃  note
2020-02-01__10:56:02 1.72 1.36 1.22 13.56 20.00℃  note
2020-02-01__10:56:05 1.66 1.35 1.22 13.02 20.00℃  note
2020-02-01__10:56:08 1.66 1.35 1.22 12.81 20.00℃  note
2020-02-01__10:56:10 1.61 1.35 1.22 13.41 20.00℃  note
2020-02-01__10:56:13 1.61 1.35 1.22 12.56 20.00℃  note
2020-02-01__10:56:16 1.56 1.34 1.22 13.49 20.00℃  note
2020-02-01__10:56:18 1.56 1.34 1.22 13.20 20.00℃  note
2020-02-01__10:56:21 1.52 1.34 1.22 14.22 20.00℃  note
2020-02-01__10:56:24 1.52 1.34 1.22 13.40 20.00℃  note
2020-02-01__10:56:26 1.47 1.33 1.21 13.20 20.00℃  note
2020-02-01__10:56:29 1.47 1.33 1.21 13.20 20.00℃  note
2020-02-01__10:56:32 1.52 1.34 1.22 13.20 20.00℃  note
2020-02-01__10:56:34 1.52 1.34 1.22 13.41 20.00℃  note
2020-02-01__10:56:37 1.56 1.35 1.22 13.53 20.00℃  note
2020-02-01__10:56:40 1.56 1.35 1.22 12.99 20.00℃  note
2020-02-01__10:56:42 1.51 1.35 1.22 12.78 20.00℃  note
2020-02-01__10:56:45 1.51 1.35 1.22 12.78 20.00℃  note
2020-02-01__10:56:48 1.47 1.34 1.22 13.27 20.00℃  note
2020-02-01__10:56:50 1.43 1.33 1.22 31.55 20.00℃  note
2020-02-01__10:56:53 1.43 1.33 1.22 12.75 20.00℃  note
2020-02-01__10:56:56 1.40 1.33 1.22 14.15 20.00℃  note
2020-02-01__10:56:58 1.40 1.33 1.22 12.99 20.00℃  note
2020-02-01__10:57:01 1.36 1.32 1.22 15.29 20.00℃  note
2020-02-01__10:57:04 1.36 1.32 1.22 12.99 20.00℃  note
2020-02-01__10:57:06 1.34 1.32 1.21 12.96 20.00℃  note
2020-02-01__10:59:45 1.29 1.31 1.22 13.53 20.00℃  note
2020-02-01__10:59:48 1.29 1.31 1.22 13.79 20.00℃  note
2020-02-01__10:59:51 1.27 1.31 1.22 13.02 20.00℃  note
2020-02-01__10:59:53 1.27 1.31 1.22 13.17 20.00℃  note
2020-02-01__10:59:56 1.25 1.30 1.22 13.02 20.00℃  note
2020-02-01__11:00:13 1.19 1.28 1.22 16.46 20.00℃  note
2020-02-01__11:00:16 1.18 1.28 1.22 12.99 20.00℃  note
2020-02-01__11:00:19 1.18 1.28 1.22 12.75 20.00℃  note
2020-02-01__11:00:21 1.16 1.27 1.21 13.38 20.00℃  note
2020-02-01__11:00:24 1.16 1.27 1.21 13.02 20.00℃  note
2020-02-01__11:00:43 1.39 1.32 1.23 16.14 20.00℃  note
2020-02-01__11:00:46 1.36 1.32 1.23 13.45 20.00℃  note
2020-02-01__11:00:49 1.36 1.32 1.23 13.24 20.00℃  note
2020-02-01__11:00:51 1.33 1.31 1.23 12.99 20.00℃  note
2020-02-01__11:00:54 1.33 1.31 1.23 12.78 20.00℃  note
2020-02-01__11:00:57 1.39 1.32 1.23 13.32 20.00℃  note
2020-02-01__11:00:59 1.39 1.32 1.23 12.78 20.00℃  note
2020-02-01__11:01:02 1.35 1.32 1.23 13.17 20.00℃  note
2020-02-01__11:01:05 1.35 1.32 1.23 13.63 20.00℃  note
2020-02-01__11:01:07 1.49 1.34 1.24 12.78 20.00℃  note
2020-02-01__11:01:10 1.49 1.34 1.24 13.02 20.00℃  note
2020-02-01__11:01:13 1.45 1.34 1.24 12.78 20.00℃  note
2020-02-01__11:01:15 1.45 1.34 1.24 13.20 20.00℃  note
2020-02-01__11:01:18 1.49 1.35 1.24 13.11 20.00℃  note
2020-02-01__11:01:20 1.45 1.34 1.24 12.78 20.00℃  note
2020-02-01__11:01:23 1.45 1.34 1.24 13.02 20.00℃  note
2020-02-01__11:01:26 1.41 1.34 1.24 12.81 20.00℃  note
2020-02-01__11:01:28 1.41 1.34 1.24 13.20 20.00℃  note
2020-02-01__11:01:31 1.38 1.33 1.24 13.38 20.00℃  note
2020-02-01__11:01:34 1.38 1.33 1.24 12.56 20.00℃  note
2020-02-01__11:01:36 1.35 1.33 1.24 13.45 20.00℃  note
2020-02-01__11:01:39 1.35 1.33 1.24 13.20 20.00℃  note
2020-02-01__11:01:42 1.32 1.32 1.24 13.63 20.00℃  note
2020-02-01__11:01:44 1.32 1.32 1.24 14.22 20.00℃  note
2020-02-01__11:01:47 1.30 1.32 1.23 13.20 20.00℃  note
2020-02-01__11:01:50 1.30 1.32 1.23 13.24 20.00℃  note
2020-02-01__11:01:52 1.59 1.38 1.26 16.42 20.00℃  note
2020-02-01__11:01:55 1.59 1.38 1.26 15.35 20.00℃  note
2020-02-01__11:01:58 1.63 1.39 1.26 15.31 20.00℃  note
2020-02-01__11:02:00 1.74 1.41 1.27 21.65 20.00℃  note
2020-02-01__11:05:48 1.36 1.41 1.30 14.01 20.00℃  note
2020-02-01__11:05:51 1.41 1.42 1.30 12.99 20.00℃  note
2020-02-01__11:05:54 1.41 1.42 1.30 14.39 20.00℃  note
2020-02-01__11:05:56 1.38 1.41 1.30 13.41 20.00℃  note
2020-02-01__11:05:59 1.38 1.41 1.30 13.02 20.00℃  note
2020-02-01__11:06:02 1.51 1.44 1.31 13.32 20.00℃  note
2020-02-01__11:06:04 1.51 1.44 1.31 13.02 20.00℃  note
2020-02-01__11:06:07 1.47 1.43 1.31 12.78 20.00℃  note
2020-02-01__11:06:10 1.47 1.43 1.31 12.87 20.00℃  note
2020-02-01__11:06:12 1.43 1.43 1.30 16.87 20.00℃  note
2020-02-01__11:06:15 1.43 1.43 1.30 21.93 20.00℃  note
2020-02-01__11:06:18 1.39 1.42 1.30 18.40 20.00℃  note
2020-02-01__11:06:20 1.39 1.42 1.30 14.81 20.00℃  note
2020-02-01__11:06:23 1.36 1.41 1.30 14.84 20.00℃  note
2020-02-01__11:06:26 1.33 1.40 1.30 13.41 20.00℃  note
2020-02-01__11:06:28 1.33 1.40 1.30 12.96 20.00℃  note
2020-02-01__11:06:31 1.39 1.41 1.30 14.43 20.00℃  note
2020-02-01__11:06:34 1.39 1.41 1.30 12.99 20.00℃  note
2020-02-01__11:06:36 1.35 1.41 1.30 12.56 20.00℃  note
2020-02-01__11:06:39 1.35 1.41 1.30 13.02 20.00℃  note
2020-02-01__11:06:42 1.33 1.40 1.30 14.00 20.00℃  note
2020-02-01__11:06:44 1.33 1.40 1.30 13.24 20.00℃  note
2020-02-01__11:06:47 1.46 1.43 1.31 15.27 20.00℃  note
2020-02-01__11:06:50 1.46 1.43 1.31 14.53 20.00℃  note
2020-02-01__11:06:52 1.50 1.44 1.31 16.71 20.00℃  note
2020-02-01__11:06:55 1.50 1.44 1.31 14.25 20.00℃  note
2020-02-01__11:06:58 1.54 1.45 1.32 16.18 20.00℃  note
2020-02-01__11:07:00 1.54 1.45 1.32 21.18 20.00℃  note
2020-02-01__11:07:03 1.74 1.49 1.33 17.99 20.00℃  note
2020-02-01__11:07:06 1.68 1.48 1.33 13.20 20.00℃  note
2020-02-01__11:07:09 1.68 1.48 1.33 13.17 20.00℃  note
2020-02-01__11:07:11 1.63 1.47 1.33 13.02 20.00℃  note
2020-02-01__11:07:14 1.63 1.47 1.33 13.08 20.00℃  note
2020-02-01__11:07:17 1.58 1.46 1.32 12.99 20.00℃  note
2020-02-01__11:07:19 1.58 1.46 1.32 13.90 20.00℃  note
2020-02-01__11:07:22 1.53 1.46 1.32 12.99 20.00℃  note
2020-02-01__11:07:24 1.53 1.46 1.32 13.38 20.00℃  note
2020-02-01__11:07:27 1.49 1.45 1.32 12.78 20.00℃  note
2020-02-01__11:07:30 1.49 1.45 1.32 12.78 20.00℃  note
2020-02-01__11:07:32 1.53 1.46 1.32 12.99 20.00℃  note
2020-02-01__11:07:35 1.53 1.46 1.32 13.38 20.00℃  note
2020-02-01__11:07:38 1.49 1.45 1.32 14.18 20.00℃  note
2020-02-01__11:07:40 1.49 1.45 1.32 13.83 20.00℃  note
2020-02-01__11:07:43 1.61 1.48 1.33 17.73 20.00℃  note
2020-02-01__11:07:46 1.64 1.49 1.34 14.94 20.00℃  note
2020-02-01__11:07:48 1.64 1.49 1.34 14.15 20.00℃  note
2020-02-01__11:07:51 1.67 1.49 1.34 15.78 20.00℃  note
2020-02-01__11:07:54 1.67 1.49 1.34 16.63 20.00℃  note
2020-02-01__11:07:57 1.70 1.50 1.34 15.52 20.00℃  note
2020-02-01__11:07:59 1.70 1.50 1.34 15.94 20.00℃  note
2020-02-01__11:08:16 2.09 1.60 1.38 14.84 20.00℃  note
2020-02-01__11:08:19 2.09 1.60 1.38 12.75 20.00℃  note
2020-02-01__11:08:21 2.08 1.61 1.38 13.33 20.00℃  note
2020-02-01__11:08:24 2.08 1.61 1.38 13.27 20.00℃  note
2020-02-01__11:08:27 1.99 1.60 1.38 16.79 20.00℃  note
2020-02-01__11:08:29 1.99 1.60 1.38 16.99 20.00℃  note
2020-02-01__11:08:32 2.00 1.60 1.38 16.71 20.00℃  note
2020-02-01__11:08:35 2.00 1.60 1.38 16.42 20.00℃  note
2020-02-01__11:08:37 2.00 1.61 1.39 13.94 20.00℃  note
2020-02-01__11:08:40 2.00 1.61 1.39 14.15 20.00℃  note
2020-02-01__11:16:18 1.57 1.54 1.45 13.38 20.00℃  note
2020-02-01__11:16:20 1.57 1.54 1.45 34.07 20.00℃  note
2020-02-01__11:16:23 2.57 1.75 1.52 16.92 20.00℃  note
2020-02-01__11:16:26 2.57 1.75 1.52 13.02 20.00℃  note
2020-02-01__11:16:28 2.52 1.75 1.52 13.20 20.00℃  note
2020-02-01__11:16:31 2.40 1.74 1.52 13.08 20.00℃  note
2020-02-01__11:16:34 2.40 1.74 1.52 13.38 20.00℃  note
2020-02-01__11:16:36 2.29 1.73 1.52 12.99 20.00℃  note
2020-02-01__11:16:39 2.29 1.73 1.52 13.20 20.00℃  note
2020-02-01__11:16:42 2.18 1.72 1.51 12.96 20.00℃  note
2020-02-01__11:16:55 2.00 1.69 1.51 15.29 20.00℃  note
2020-02-01__11:16:58 1.92 1.68 1.50 13.69 20.00℃  note
2020-02-01__11:17:00 1.92 1.68 1.50 22.49 20.00℃  note
2020-02-01__11:17:03 2.33 1.77 1.53 13.17 20.00℃  note
2020-02-01__11:17:06 2.33 1.77 1.53 12.99 20.00℃  note
2020-02-01__11:17:08 2.22 1.75 1.53 13.94 20.00℃  note
2020-02-01__11:17:11 2.22 1.75 1.53 14.32 20.00℃  note
2020-02-01__11:17:14 2.28 1.78 1.54 13.17 20.00℃  note
2020-02-01__11:17:16 2.18 1.76 1.54 17.52 20.00℃  note
2020-02-01__11:17:19 2.18 1.76 1.54 13.38 20.00℃  note
2020-02-01__11:17:22 2.09 1.75 1.53 12.96 20.00℃  note
2020-02-01__11:17:24 2.09 1.75 1.53 13.17 20.00℃  note
2020-02-01__11:17:27 2.00 1.74 1.53 14.00 20.00℃  note
2020-02-01__11:17:29 2.00 1.74 1.53 13.11 20.00℃  note
2020-02-01__11:17:32 1.92 1.72 1.53 12.75 20.00℃  note
2020-02-01__14:52:32 0.36 0.27 0.11 0.25 20.00℃  note
2020-02-01__14:52:35 0.36 0.27 0.11 0.49 20.00℃  note
2020-02-01__14:52:37 0.42 0.28 0.11 2.92 20.00℃  note
2020-02-01__14:52:40 0.42 0.28 0.11 0.97 20.00℃  note
2020-02-01__14:52:43 0.38 0.28 0.11 1.95 20.00℃  note
2020-02-01__14:52:45 0.38 0.28 0.11 0.97 20.00℃  note
2020-02-01__14:52:48 0.35 0.27 0.11 0.73 20.00℃  note
2020-02-01__14:52:51 0.32 0.27 0.11 0.24 20.00℃  note
2020-02-01__14:52:53 0.32 0.27 0.11 6.21 20.00℃  note
2020-02-01__14:52:56 0.30 0.26 0.11 0.97 20.00℃  note
2020-02-01__14:52:59 0.30 0.26 0.11 0.73 20.00℃  note
2020-02-01__14:53:02 0.27 0.26 0.11 0.73 20.00℃  note
2020-02-01__14:53:04 0.27 0.26 0.11 0.97 20.00℃  note
2020-02-01__14:53:07 0.25 0.25 0.11 0.25 20.00℃  note
2020-02-01__14:53:10 0.25 0.25 0.11 0.49 20.00℃  note
2020-02-01__14:53:12 0.23 0.25 0.11 0.73 20.00℃  note
2020-02-01__14:53:15 0.23 0.25 0.11 0.73 20.00℃  note
2020-02-01__14:53:18 0.21 0.24 0.10 0.49 20.00℃  note
2020-02-01__14:53:20 0.21 0.24 0.10 0.73 20.00℃  note
2020-02-01__14:53:23 0.36 0.27 0.12 0.24 20.00℃  note
2020-02-01__14:53:26 0.33 0.27 0.11 0.49 20.00℃  note
2020-02-01__14:53:28 0.33 0.27 0.11 1.95 20.00℃  note
2020-02-01__14:53:31 0.38 0.28 0.12 0.49 20.00℃  note
2020-02-01__14:53:34 0.38 0.28 0.12 0.97 20.00℃  note
2020-02-01__14:53:36 0.35 0.27 0.12 2.67 20.00℃  note
2020-02-01__14:53:39 0.35 0.27 0.12 0.49 20.00℃  note
2020-02-01__14:53:42 0.32 0.27 0.12 0.49 20.00℃  note
2020-02-01__14:53:44 0.32 0.27 0.12 1.21 20.00℃  note
2020-02-01__14:53:47 0.30 0.27 0.12 1.45 20.00℃  note
2020-02-01__14:53:50 0.30 0.27 0.12 1.88 20.00℃  note
2020-02-01__14:53:59 0.47 0.31 0.13 1.21 20.00℃  note
2020-02-01__14:54:01 0.43 0.30 0.13 0.97 20.00℃  note
2020-02-01__14:54:04 0.43 0.30 0.13 0.97 20.00℃  note
2020-02-01__14:54:07 0.40 0.29 0.13 0.73 20.00℃  note
2020-02-01__14:54:09 0.40 0.29 0.13 0.98 20.00℃  note
2020-02-01__14:55:44 0.08 0.21 0.11 1.21 20.00℃  note
2020-02-01__14:55:47 0.07 0.21 0.11 0.73 20.00℃  note
2020-02-01__14:55:50 0.07 0.21 0.11 0.97 20.00℃  note
2020-02-01__14:55:52 0.15 0.22 0.11 0.73 20.00℃  note
2020-02-01__14:55:55 0.15 0.22 0.11 0.73 20.00℃  note
2020-02-01__14:55:58 0.14 0.22 0.11 0.73 20.00℃  note
2020-02-01__14:56:00 0.14 0.22 0.11 0.49 20.00℃  note
2020-02-01__14:56:03 0.28 0.25 0.12 0.49 20.00℃  note
2020-02-01__14:56:06 0.26 0.24 0.12 0.49 20.00℃  note
2020-02-01__14:56:08 0.26 0.24 0.12 1.71 20.00℃  note
2020-02-01__14:56:11 0.24 0.24 0.12 0.97 20.00℃  note
2020-02-01__14:56:14 0.24 0.24 0.12 0.25 20.00℃  note
2020-02-01__14:56:16 0.22 0.23 0.12 1.21 20.00℃  note
2020-02-01__14:56:19 0.22 0.23 0.12 1.22 20.00℃  note
2020-02-01__14:56:22 0.20 0.23 0.12 0.73 20.00℃  note
2020-02-01__14:56:25 0.20 0.23 0.12 0.73 20.00℃  note
2020-02-01__14:56:27 0.19 0.22 0.12 5.37 20.00℃  note
2020-02-01__14:56:30 0.19 0.22 0.12 0.73 20.00℃  note
2020-02-01__14:56:32 0.17 0.22 0.12 0.97 20.00℃  note
2020-02-01__14:56:35 0.17 0.22 0.12 0.73 20.00℃  note
2020-02-01__14:56:50 0.21 0.23 0.12 1.45 20.00℃  note
2020-02-01__14:56:53 0.19 0.22 0.12 0.73 20.00℃  note
2020-02-01__14:56:56 0.19 0.22 0.12 0.73 20.00℃  note
2020-02-01__14:56:58 0.26 0.24 0.12 0.97 20.00℃  note
2020-02-01__14:57:01 0.23 0.23 0.12 0.49 20.00℃  note
2020-02-01__14:57:04 0.23 0.23 0.12 6.75 20.00℃  note
2020-02-01__14:57:06 0.30 0.24 0.13 0.73 20.00℃  note
2020-02-01__14:57:09 0.30 0.24 0.13 0.24 20.00℃  note
2020-02-01__14:57:12 0.27 0.24 0.13 8.31 20.00℃  note
2020-02-01__14:57:14 0.27 0.24 0.13 2.20 20.00℃  note
2020-02-01__14:57:17 0.25 0.24 0.13 0.24 20.00℃  note
2020-02-01__14:57:20 0.25 0.24 0.13 0.49 20.00℃  note
2020-02-01__14:57:22 0.23 0.23 0.13 1.21 20.00℃  note
2020-02-01__14:57:25 0.23 0.23 0.13 1.21 20.00℃  note
2020-02-01__14:57:28 0.53 0.29 0.15 0.49 20.00℃  note
2020-02-01__15:00:20 0.64 0.47 0.24 1.21 20.00℃  note
2020-02-01__15:00:23 0.83 0.51 0.25 0.97 20.00℃  note
2020-02-01__15:00:25 0.83 0.51 0.25 0.73 20.00℃  note
2020-02-01__15:00:28 0.77 0.50 0.25 0.49 20.00℃  note
2020-02-01__15:00:31 0.70 0.49 0.25 0.97 20.00℃  note
2020-02-01__15:00:33 0.70 0.49 0.25 1.21 20.00℃  note
2020-02-01__15:00:36 0.73 0.50 0.26 0.97 20.00℃  note
2020-02-01__15:00:39 0.73 0.50 0.26 0.73 20.00℃  note
2020-02-01__15:00:41 0.67 0.49 0.25 0.73 20.00℃  note
2020-02-01__15:00:44 0.67 0.49 0.25 1.22 20.00℃  note
2020-02-01__15:00:47 0.62 0.49 0.25 0.49 20.00℃  note
2020-02-01__15:00:49 0.62 0.49 0.25 0.98 20.00℃  note
2020-02-01__15:00:52 0.57 0.48 0.25 2.92 20.00℃  note
2020-02-01__15:00:55 0.57 0.48 0.25 5.58 20.00℃  note
2020-02-01__15:00:58 0.52 0.47 0.25 1.46 20.00℃  note
