2020-02-01__10:54:01 1 / 150887 131238 9%
2020-02-01__10:54:01 1 /boot/efi 96 72 26%
2020-02-01__10:54:01 1 /run/media/szt/软件 210944 135036 36%
2020-02-01__10:54:01 0 disk 361927 266346 27%
2020-02-01__10:54:04 1 / 150887 131238 9%
2020-02-01__10:54:04 1 /boot/efi 96 72 26%
2020-02-01__10:54:04 1 /run/media/szt/软件 210944 135036 36%
2020-02-01__10:54:04 0 disk 361927 266346 27%
2020-02-01__10:54:07 1 / 150887 131238 9%
2020-02-01__10:54:07 1 /boot/efi 96 72 26%
2020-02-01__10:54:07 1 /run/media/szt/软件 210944 135036 36%
2020-02-01__10:54:07 0 disk 361927 266346 27%
2020-02-01__10:54:09 1 / 150887 131238 9%
2020-02-01__10:54:09 1 /boot/efi 96 72 26%
2020-02-01__10:54:09 1 /run/media/szt/软件 210944 135036 36%
2020-02-01__10:54:09 0 disk 361927 266346 27%
2020-02-01__10:54:12 1 / 150887 131238 9%
2020-02-01__10:54:12 1 /boot/efi 96 72 26%
2020-02-01__10:54:12 1 /run/media/szt/软件 210944 135036 36%
2020-02-01__10:54:12 0 disk 361927 266346 27%
2020-02-01__10:54:15 1 / 150887 131238 9%
2020-02-01__10:54:15 1 /boot/efi 96 72 26%
2020-02-01__10:54:15 1 /run/media/szt/软件 210944 135036 36%
2020-02-01__10:54:15 0 disk 361927 266346 27%
2020-02-01__10:54:17 1 / 150887 131238 9%
2020-02-01__10:54:17 1 /boot/efi 96 72 26%
2020-02-01__10:54:17 1 /run/media/szt/软件 210944 135036 36%
2020-02-01__10:54:17 0 disk 361927 266346 27%
2020-02-01__10:54:20 1 / 150887 131238 9%
2020-02-01__10:54:20 1 /boot/efi 96 72 26%
2020-02-01__10:54:20 1 /run/media/szt/软件 210944 135036 36%
2020-02-01__10:54:20 0 disk 361927 266346 27%
2020-02-01__10:54:23 1 / 150887 131238 9%
2020-02-01__10:54:23 1 /boot/efi 96 72 26%
2020-02-01__10:54:23 1 /run/media/szt/软件 210944 135036 36%
2020-02-01__10:54:23 0 disk 361927 266346 27%
2020-02-01__10:54:25 1 / 150887 131238 9%
2020-02-01__10:54:25 1 /boot/efi 96 72 26%
2020-02-01__10:54:25 1 /run/media/szt/软件 210944 135036 36%
2020-02-01__10:54:25 0 disk 361927 266346 27%
2020-02-01__10:54:28 1 / 150887 131238 9%
2020-02-01__10:54:28 1 /boot/efi 96 72 26%
2020-02-01__10:54:28 1 /run/media/szt/软件 210944 135036 36%
2020-02-01__10:54:28 0 disk 361927 266346 27%
2020-02-01__10:54:31 1 / 150887 131238 9%
2020-02-01__10:54:31 1 /boot/efi 96 72 26%
2020-02-01__10:54:31 1 /run/media/szt/软件 210944 135036 36%
2020-02-01__10:54:31 0 disk 361927 266346 27%
2020-02-01__10:54:33 1 / 150887 131238 9%
2020-02-01__10:54:33 1 /boot/efi 96 72 26%
2020-02-01__10:54:33 1 /run/media/szt/软件 210944 135036 36%
2020-02-01__10:54:33 0 disk 361927 266346 27%
2020-02-01__10:54:36 1 / 150887 131238 9%
2020-02-01__10:54:36 1 /boot/efi 96 72 26%
2020-02-01__10:54:36 1 /run/media/szt/软件 210944 135036 36%
2020-02-01__10:54:36 0 disk 361927 266346 27%
2020-02-01__10:54:39 1 / 150887 131238 9%
2020-02-01__10:54:39 1 /boot/efi 96 72 26%
2020-02-01__10:54:39 1 /run/media/szt/软件 210944 135036 36%
2020-02-01__10:54:39 0 disk 361927 266346 27%
2020-02-01__10:54:41 1 / 150887 131238 9%
2020-02-01__10:54:41 1 /boot/efi 96 72 26%
2020-02-01__10:54:41 1 /run/media/szt/软件 210944 135036 36%
2020-02-01__10:54:41 0 disk 361927 266346 27%
2020-02-01__10:54:44 1 / 150887 131238 9%
2020-02-01__10:54:44 1 /boot/efi 96 72 26%
2020-02-01__10:54:44 1 /run/media/szt/软件 210944 135036 36%
2020-02-01__10:54:44 0 disk 361927 266346 27%
2020-02-01__10:54:47 1 / 150887 131238 9%
2020-02-01__10:54:47 1 /boot/efi 96 72 26%
2020-02-01__10:54:47 1 /run/media/szt/软件 210944 135036 36%
2020-02-01__10:54:47 0 disk 361927 266346 27%
2020-02-01__10:54:49 1 / 150887 131238 9%
2020-02-01__10:54:49 1 /boot/efi 96 72 26%
2020-02-01__10:54:49 1 /run/media/szt/软件 210944 135036 36%
2020-02-01__10:54:49 0 disk 361927 266346 27%
2020-02-01__10:54:52 1 / 150887 131238 9%
2020-02-01__10:54:52 1 /boot/efi 96 72 26%
2020-02-01__10:54:52 1 /run/media/szt/软件 210944 135036 36%
2020-02-01__10:54:52 0 disk 361927 266346 27%
2020-02-01__10:54:55 1 / 150887 131238 9%
2020-02-01__10:54:55 1 /boot/efi 96 72 26%
2020-02-01__10:54:55 1 /run/media/szt/软件 210944 135036 36%
2020-02-01__10:54:55 0 disk 361927 266346 27%
2020-02-01__10:54:57 1 / 150887 131238 9%
2020-02-01__10:54:57 1 /boot/efi 96 72 26%
2020-02-01__10:54:57 1 /run/media/szt/软件 210944 135036 36%
2020-02-01__10:54:57 0 disk 361927 266346 27%
2020-02-01__10:55:00 1 / 150887 131238 9%
2020-02-01__10:55:00 1 /boot/efi 96 72 26%
2020-02-01__10:55:00 1 /run/media/szt/软件 210944 135036 36%
2020-02-01__10:55:00 0 disk 361927 266346 27%
2020-02-01__10:55:03 1 / 150887 131238 9%
2020-02-01__10:55:03 1 /boot/efi 96 72 26%
2020-02-01__10:55:03 1 /run/media/szt/软件 210944 135036 36%
2020-02-01__10:55:03 0 disk 361927 266346 27%
2020-02-01__10:55:05 1 / 150887 131238 9%
2020-02-01__10:55:05 1 /boot/efi 96 72 26%
2020-02-01__10:55:05 1 /run/media/szt/软件 210944 135036 36%
2020-02-01__10:55:05 0 disk 361927 266346 27%
2020-02-01__10:55:08 1 / 150887 131238 9%
2020-02-01__10:55:08 1 /boot/efi 96 72 26%
2020-02-01__10:55:08 1 /run/media/szt/软件 210944 135036 36%
2020-02-01__10:55:08 0 disk 361927 266346 27%
2020-02-01__10:55:11 1 / 150887 131238 9%
2020-02-01__10:55:11 1 /boot/efi 96 72 26%
2020-02-01__10:55:11 1 /run/media/szt/软件 210944 135036 36%
2020-02-01__10:55:11 0 disk 361927 266346 27%
2020-02-01__10:55:13 1 / 150887 131238 9%
2020-02-01__10:55:13 1 /boot/efi 96 72 26%
2020-02-01__10:55:13 1 /run/media/szt/软件 210944 135036 36%
2020-02-01__10:55:13 0 disk 361927 266346 27%
2020-02-01__10:55:16 1 / 150887 131238 9%
2020-02-01__10:55:16 1 /boot/efi 96 72 26%
2020-02-01__10:55:16 1 /run/media/szt/软件 210944 135036 36%
2020-02-01__10:55:16 0 disk 361927 266346 27%
2020-02-01__10:55:19 1 / 150887 131238 9%
2020-02-01__10:55:19 1 /boot/efi 96 72 26%
2020-02-01__10:55:19 1 /run/media/szt/软件 210944 135036 36%
2020-02-01__10:55:19 0 disk 361927 266346 27%
2020-02-01__10:55:21 1 / 150887 131238 9%
2020-02-01__10:55:21 1 /boot/efi 96 72 26%
2020-02-01__10:55:21 1 /run/media/szt/软件 210944 135036 36%
2020-02-01__10:55:21 0 disk 361927 266346 27%
2020-02-01__10:55:24 1 / 150887 131238 9%
2020-02-01__10:55:24 1 /boot/efi 96 72 26%
2020-02-01__10:55:24 1 /run/media/szt/软件 210944 135036 36%
2020-02-01__10:55:24 0 disk 361927 266346 27%
2020-02-01__10:55:27 1 / 150887 131238 9%
2020-02-01__10:55:27 1 /boot/efi 96 72 26%
2020-02-01__10:55:27 1 /run/media/szt/软件 210944 135036 36%
2020-02-01__10:55:27 0 disk 361927 266346 27%
2020-02-01__10:55:30 1 / 150887 131238 9%
2020-02-01__10:55:30 1 /boot/efi 96 72 26%
2020-02-01__10:55:30 1 /run/media/szt/软件 210944 135036 36%
2020-02-01__10:55:30 0 disk 361927 266346 27%
2020-02-01__10:55:32 1 / 150887 131238 9%
2020-02-01__10:55:32 1 /boot/efi 96 72 26%
2020-02-01__10:55:32 1 /run/media/szt/软件 210944 135036 36%
2020-02-01__10:55:32 0 disk 361927 266346 27%
2020-02-01__10:56:03 1 / 150887 131238 9%
2020-02-01__10:56:03 1 /boot/efi 96 72 26%
2020-02-01__10:56:03 1 /run/media/szt/软件 210944 135036 36%
2020-02-01__10:56:03 0 disk 361927 266346 27%
2020-02-01__10:56:06 1 / 150887 131238 9%
2020-02-01__10:56:06 1 /boot/efi 96 72 26%
2020-02-01__10:56:06 1 /run/media/szt/软件 210944 135036 36%
2020-02-01__10:56:06 0 disk 361927 266346 27%
2020-02-01__10:56:08 1 / 150887 131238 9%
2020-02-01__10:56:08 1 /boot/efi 96 72 26%
2020-02-01__10:56:08 1 /run/media/szt/软件 210944 135036 36%
2020-02-01__10:56:08 0 disk 361927 266346 27%
2020-02-01__10:56:11 1 / 150887 131238 9%
2020-02-01__10:56:11 1 /boot/efi 96 72 26%
2020-02-01__10:56:11 1 /run/media/szt/软件 210944 135036 36%
2020-02-01__10:56:11 0 disk 361927 266346 27%
2020-02-01__10:56:14 1 / 150887 131238 9%
2020-02-01__10:56:14 1 /boot/efi 96 72 26%
2020-02-01__10:56:14 1 /run/media/szt/软件 210944 135036 36%
2020-02-01__10:56:14 0 disk 361927 266346 27%
2020-02-01__10:56:16 1 / 150887 131238 9%
2020-02-01__10:56:16 1 /boot/efi 96 72 26%
2020-02-01__10:56:16 1 /run/media/szt/软件 210944 135036 36%
2020-02-01__10:56:16 0 disk 361927 266346 27%
2020-02-01__10:56:19 1 / 150887 131238 9%
2020-02-01__10:56:19 1 /boot/efi 96 72 26%
2020-02-01__10:56:19 1 /run/media/szt/软件 210944 135036 36%
2020-02-01__10:56:19 0 disk 361927 266346 27%
2020-02-01__10:56:22 1 / 150887 131238 9%
2020-02-01__10:56:22 1 /boot/efi 96 72 26%
2020-02-01__10:56:22 1 /run/media/szt/软件 210944 135036 36%
2020-02-01__10:56:22 0 disk 361927 266346 27%
2020-02-01__10:56:24 1 / 150887 131238 9%
2020-02-01__10:56:24 1 /boot/efi 96 72 26%
2020-02-01__10:56:24 1 /run/media/szt/软件 210944 135036 36%
2020-02-01__10:56:24 0 disk 361927 266346 27%
2020-02-01__10:56:27 1 / 150887 131238 9%
2020-02-01__10:56:27 1 /boot/efi 96 72 26%
2020-02-01__10:56:27 1 /run/media/szt/软件 210944 135036 36%
2020-02-01__10:56:27 0 disk 361927 266346 27%
2020-02-01__10:56:30 1 / 150887 131238 9%
2020-02-01__10:56:30 1 /boot/efi 96 72 26%
2020-02-01__10:56:30 1 /run/media/szt/软件 210944 135036 36%
2020-02-01__10:56:30 0 disk 361927 266346 27%
2020-02-01__10:56:32 1 / 150887 131238 9%
2020-02-01__10:56:32 1 /boot/efi 96 72 26%
2020-02-01__10:56:32 1 /run/media/szt/软件 210944 135036 36%
2020-02-01__10:56:32 0 disk 361927 266346 27%
2020-02-01__10:56:35 1 / 150887 131238 9%
2020-02-01__10:56:35 1 /boot/efi 96 72 26%
2020-02-01__10:56:35 1 /run/media/szt/软件 210944 135036 36%
2020-02-01__10:56:35 0 disk 361927 266346 27%
2020-02-01__10:56:38 1 / 150887 131238 9%
2020-02-01__10:56:38 1 /boot/efi 96 72 26%
2020-02-01__10:56:38 1 /run/media/szt/软件 210944 135036 36%
2020-02-01__10:56:38 0 disk 361927 266346 27%
2020-02-01__10:56:40 1 / 150887 131238 9%
2020-02-01__10:56:40 1 /boot/efi 96 72 26%
2020-02-01__10:56:40 1 /run/media/szt/软件 210944 135036 36%
2020-02-01__10:56:40 0 disk 361927 266346 27%
2020-02-01__10:56:43 1 / 150887 131238 9%
2020-02-01__10:56:43 1 /boot/efi 96 72 26%
2020-02-01__10:56:43 1 /run/media/szt/软件 210944 135036 36%
2020-02-01__10:56:43 0 disk 361927 266346 27%
2020-02-01__10:56:46 1 / 150887 131238 9%
2020-02-01__10:56:46 1 /boot/efi 96 72 26%
2020-02-01__10:56:46 1 /run/media/szt/软件 210944 135036 36%
2020-02-01__10:56:46 0 disk 361927 266346 27%
2020-02-01__10:56:48 1 / 150887 131238 9%
2020-02-01__10:56:48 1 /boot/efi 96 72 26%
2020-02-01__10:56:48 1 /run/media/szt/软件 210944 135036 36%
2020-02-01__10:56:48 0 disk 361927 266346 27%
2020-02-01__10:56:51 1 / 150887 131238 9%
2020-02-01__10:56:51 1 /boot/efi 96 72 26%
2020-02-01__10:56:51 1 /run/media/szt/软件 210944 135036 36%
2020-02-01__10:56:51 0 disk 361927 266346 27%
2020-02-01__10:56:54 1 / 150887 131238 9%
2020-02-01__10:56:54 1 /boot/efi 96 72 26%
2020-02-01__10:56:54 1 /run/media/szt/软件 210944 135036 36%
2020-02-01__10:56:54 0 disk 361927 266346 27%
2020-02-01__10:56:56 1 / 150887 131238 9%
2020-02-01__10:56:56 1 /boot/efi 96 72 26%
2020-02-01__10:56:56 1 /run/media/szt/软件 210944 135036 36%
2020-02-01__10:56:56 0 disk 361927 266346 27%
2020-02-01__10:56:59 1 / 150887 131238 9%
2020-02-01__10:56:59 1 /boot/efi 96 72 26%
2020-02-01__10:56:59 1 /run/media/szt/软件 210944 135036 36%
2020-02-01__10:56:59 0 disk 361927 266346 27%
2020-02-01__10:57:02 1 / 150887 131238 9%
2020-02-01__10:57:02 1 /boot/efi 96 72 26%
2020-02-01__10:57:02 1 /run/media/szt/软件 210944 135036 36%
2020-02-01__10:57:02 0 disk 361927 266346 27%
2020-02-01__10:57:04 1 / 150887 131238 9%
2020-02-01__10:57:04 1 /boot/efi 96 72 26%
2020-02-01__10:57:04 1 /run/media/szt/软件 210944 135036 36%
2020-02-01__10:57:04 0 disk 361927 266346 27%
2020-02-01__10:57:07 1 / 150887 131238 9%
2020-02-01__10:57:07 1 /boot/efi 96 72 26%
2020-02-01__10:57:07 1 /run/media/szt/软件 210944 135036 36%
2020-02-01__10:57:07 0 disk 361927 266346 27%
2020-02-01__10:59:46 1 / 150887 131238 9%
2020-02-01__10:59:46 1 /boot/efi 96 72 26%
2020-02-01__10:59:46 1 /run/media/szt/软件 210944 135036 36%
2020-02-01__10:59:46 0 disk 361927 266346 27%
2020-02-01__10:59:48 1 / 150887 131238 9%
2020-02-01__10:59:48 1 /boot/efi 96 72 26%
2020-02-01__10:59:48 1 /run/media/szt/软件 210944 135036 36%
2020-02-01__10:59:48 0 disk 361927 266346 27%
2020-02-01__10:59:51 1 / 150887 131238 9%
2020-02-01__10:59:51 1 /boot/efi 96 72 26%
2020-02-01__10:59:51 1 /run/media/szt/软件 210944 135036 36%
2020-02-01__10:59:51 0 disk 361927 266346 27%
2020-02-01__10:59:54 1 / 150887 131238 9%
2020-02-01__10:59:54 1 /boot/efi 96 72 26%
2020-02-01__10:59:54 1 /run/media/szt/软件 210944 135036 36%
2020-02-01__10:59:54 0 disk 361927 266346 27%
2020-02-01__10:59:56 1 / 150887 131238 9%
2020-02-01__10:59:56 1 /boot/efi 96 72 26%
2020-02-01__10:59:56 1 /run/media/szt/软件 210944 135036 36%
2020-02-01__10:59:56 0 disk 361927 266346 27%
2020-02-01__11:00:14 1 / 150887 131238 9%
2020-02-01__11:00:14 1 /boot/efi 96 72 26%
2020-02-01__11:00:14 1 /run/media/szt/软件 210944 135036 36%
2020-02-01__11:00:14 0 disk 361927 266346 27%
2020-02-01__11:00:17 1 / 150887 131238 9%
2020-02-01__11:00:17 1 /boot/efi 96 72 26%
2020-02-01__11:00:17 1 /run/media/szt/软件 210944 135036 36%
2020-02-01__11:00:17 0 disk 361927 266346 27%
2020-02-01__11:00:19 1 / 150887 131238 9%
2020-02-01__11:00:19 1 /boot/efi 96 72 26%
2020-02-01__11:00:19 1 /run/media/szt/软件 210944 135036 36%
2020-02-01__11:00:19 0 disk 361927 266346 27%
2020-02-01__11:00:22 1 / 150887 131238 9%
2020-02-01__11:00:22 1 /boot/efi 96 72 26%
2020-02-01__11:00:22 1 /run/media/szt/软件 210944 135036 36%
2020-02-01__11:00:22 0 disk 361927 266346 27%
2020-02-01__11:00:25 1 / 150887 131238 9%
2020-02-01__11:00:25 1 /boot/efi 96 72 26%
2020-02-01__11:00:25 1 /run/media/szt/软件 210944 135036 36%
2020-02-01__11:00:25 0 disk 361927 266346 27%
2020-02-01__11:00:44 1 / 150887 131238 9%
2020-02-01__11:00:44 1 /boot/efi 96 72 26%
2020-02-01__11:00:44 1 /run/media/szt/软件 210944 135036 36%
2020-02-01__11:00:44 0 disk 361927 266346 27%
2020-02-01__11:00:46 1 / 150887 131238 9%
2020-02-01__11:00:46 1 /boot/efi 96 72 26%
2020-02-01__11:00:46 1 /run/media/szt/软件 210944 135036 36%
2020-02-01__11:00:46 0 disk 361927 266346 27%
2020-02-01__11:00:49 1 / 150887 131238 9%
2020-02-01__11:00:49 1 /boot/efi 96 72 26%
2020-02-01__11:00:49 1 /run/media/szt/软件 210944 135036 36%
2020-02-01__11:00:49 0 disk 361927 266346 27%
2020-02-01__11:00:52 1 / 150887 131238 9%
2020-02-01__11:00:52 1 /boot/efi 96 72 26%
2020-02-01__11:00:52 1 /run/media/szt/软件 210944 135036 36%
2020-02-01__11:00:52 0 disk 361927 266346 27%
2020-02-01__11:00:54 1 / 150887 131238 9%
2020-02-01__11:00:54 1 /boot/efi 96 72 26%
2020-02-01__11:00:54 1 /run/media/szt/软件 210944 135036 36%
2020-02-01__11:00:54 0 disk 361927 266346 27%
2020-02-01__11:00:57 1 / 150887 131238 9%
2020-02-01__11:00:57 1 /boot/efi 96 72 26%
2020-02-01__11:00:57 1 /run/media/szt/软件 210944 135036 36%
2020-02-01__11:00:57 0 disk 361927 266346 27%
2020-02-01__11:01:00 1 / 150887 131238 9%
2020-02-01__11:01:00 1 /boot/efi 96 72 26%
2020-02-01__11:01:00 1 /run/media/szt/软件 210944 135036 36%
2020-02-01__11:01:00 0 disk 361927 266346 27%
2020-02-01__11:01:02 1 / 150887 131238 9%
2020-02-01__11:01:02 1 /boot/efi 96 72 26%
2020-02-01__11:01:02 1 /run/media/szt/软件 210944 135036 36%
2020-02-01__11:01:02 0 disk 361927 266346 27%
2020-02-01__11:01:05 1 / 150887 131238 9%
2020-02-01__11:01:05 1 /boot/efi 96 72 26%
2020-02-01__11:01:05 1 /run/media/szt/软件 210944 135036 36%
2020-02-01__11:01:05 0 disk 361927 266346 27%
2020-02-01__11:01:08 1 / 150887 131238 9%
2020-02-01__11:01:08 1 /boot/efi 96 72 26%
2020-02-01__11:01:08 1 /run/media/szt/软件 210944 135036 36%
2020-02-01__11:01:08 0 disk 361927 266346 27%
2020-02-01__11:01:10 1 / 150887 131238 9%
2020-02-01__11:01:10 1 /boot/efi 96 72 26%
2020-02-01__11:01:10 1 /run/media/szt/软件 210944 135036 36%
2020-02-01__11:01:10 0 disk 361927 266346 27%
2020-02-01__11:01:13 1 / 150887 131238 9%
2020-02-01__11:01:13 1 /boot/efi 96 72 26%
2020-02-01__11:01:13 1 /run/media/szt/软件 210944 135036 36%
2020-02-01__11:01:13 0 disk 361927 266346 27%
2020-02-01__11:01:16 1 / 150887 131238 9%
2020-02-01__11:01:16 1 /boot/efi 96 72 26%
2020-02-01__11:01:16 1 /run/media/szt/软件 210944 135036 36%
2020-02-01__11:01:16 0 disk 361927 266346 27%
2020-02-01__11:01:18 1 / 150887 131238 9%
2020-02-01__11:01:18 1 /boot/efi 96 72 26%
2020-02-01__11:01:18 1 /run/media/szt/软件 210944 135036 36%
2020-02-01__11:01:18 0 disk 361927 266346 27%
2020-02-01__11:01:21 1 / 150887 131238 9%
2020-02-01__11:01:21 1 /boot/efi 96 72 26%
2020-02-01__11:01:21 1 /run/media/szt/软件 210944 135036 36%
2020-02-01__11:01:21 0 disk 361927 266346 27%
2020-02-01__11:01:24 1 / 150887 131238 9%
2020-02-01__11:01:24 1 /boot/efi 96 72 26%
2020-02-01__11:01:24 1 /run/media/szt/软件 210944 135036 36%
2020-02-01__11:01:24 0 disk 361927 266346 27%
2020-02-01__11:01:26 1 / 150887 131238 9%
2020-02-01__11:01:26 1 /boot/efi 96 72 26%
2020-02-01__11:01:26 1 /run/media/szt/软件 210944 135036 36%
2020-02-01__11:01:26 0 disk 361927 266346 27%
2020-02-01__11:01:29 1 / 150887 131238 9%
2020-02-01__11:01:29 1 /boot/efi 96 72 26%
2020-02-01__11:01:29 1 /run/media/szt/软件 210944 135036 36%
2020-02-01__11:01:29 0 disk 361927 266346 27%
2020-02-01__11:01:32 1 / 150887 131238 9%
2020-02-01__11:01:32 1 /boot/efi 96 72 26%
2020-02-01__11:01:32 1 /run/media/szt/软件 210944 135036 36%
2020-02-01__11:01:32 0 disk 361927 266346 27%
2020-02-01__11:01:34 1 / 150887 131238 9%
2020-02-01__11:01:34 1 /boot/efi 96 72 26%
2020-02-01__11:01:34 1 /run/media/szt/软件 210944 135036 36%
2020-02-01__11:01:34 0 disk 361927 266346 27%
2020-02-01__11:01:37 1 / 150887 131238 9%
2020-02-01__11:01:37 1 /boot/efi 96 72 26%
2020-02-01__11:01:37 1 /run/media/szt/软件 210944 135036 36%
2020-02-01__11:01:37 0 disk 361927 266346 27%
2020-02-01__11:01:40 1 / 150887 131238 9%
2020-02-01__11:01:40 1 /boot/efi 96 72 26%
2020-02-01__11:01:40 1 /run/media/szt/软件 210944 135036 36%
2020-02-01__11:01:40 0 disk 361927 266346 27%
2020-02-01__11:01:42 1 / 150887 131238 9%
2020-02-01__11:01:42 1 /boot/efi 96 72 26%
2020-02-01__11:01:42 1 /run/media/szt/软件 210944 135036 36%
2020-02-01__11:01:42 0 disk 361927 266346 27%
2020-02-01__11:01:45 1 / 150887 131238 9%
2020-02-01__11:01:45 1 /boot/efi 96 72 26%
2020-02-01__11:01:45 1 /run/media/szt/软件 210944 135036 36%
2020-02-01__11:01:45 0 disk 361927 266346 27%
2020-02-01__11:01:48 1 / 150887 131238 9%
2020-02-01__11:01:48 1 /boot/efi 96 72 26%
2020-02-01__11:01:48 1 /run/media/szt/软件 210944 135036 36%
2020-02-01__11:01:48 0 disk 361927 266346 27%
2020-02-01__11:01:50 1 / 150887 131238 9%
2020-02-01__11:01:50 1 /boot/efi 96 72 26%
2020-02-01__11:01:50 1 /run/media/szt/软件 210944 135036 36%
2020-02-01__11:01:50 0 disk 361927 266346 27%
2020-02-01__11:01:53 1 / 150887 131237 9%
2020-02-01__11:01:53 1 /boot/efi 96 72 26%
2020-02-01__11:01:53 1 /run/media/szt/软件 210944 135036 36%
2020-02-01__11:01:53 0 disk 361927 266345 27%
2020-02-01__11:01:56 1 / 150887 131237 9%
2020-02-01__11:01:56 1 /boot/efi 96 72 26%
2020-02-01__11:01:56 1 /run/media/szt/软件 210944 135036 36%
2020-02-01__11:01:56 0 disk 361927 266345 27%
2020-02-01__11:01:58 1 / 150887 131237 9%
2020-02-01__11:01:58 1 /boot/efi 96 72 26%
2020-02-01__11:01:58 1 /run/media/szt/软件 210944 135036 36%
2020-02-01__11:01:58 0 disk 361927 266345 27%
2020-02-01__11:02:01 1 / 150887 131236 9%
2020-02-01__11:02:01 1 /boot/efi 96 72 26%
2020-02-01__11:02:01 1 /run/media/szt/软件 210944 135036 36%
2020-02-01__11:02:01 0 disk 361927 266344 27%
2020-02-01__11:05:49 1 / 150887 131236 9%
2020-02-01__11:05:49 1 /boot/efi 96 72 26%
2020-02-01__11:05:49 1 /run/media/szt/软件 210944 135036 36%
2020-02-01__11:05:49 0 disk 361927 266344 27%
2020-02-01__11:05:52 1 / 150887 131236 9%
2020-02-01__11:05:52 1 /boot/efi 96 72 26%
2020-02-01__11:05:52 1 /run/media/szt/软件 210944 135036 36%
2020-02-01__11:05:52 0 disk 361927 266344 27%
2020-02-01__11:05:54 1 / 150887 131236 9%
2020-02-01__11:05:54 1 /boot/efi 96 72 26%
2020-02-01__11:05:54 1 /run/media/szt/软件 210944 135036 36%
2020-02-01__11:05:54 0 disk 361927 266344 27%
2020-02-01__11:05:57 1 / 150887 131236 9%
2020-02-01__11:05:57 1 /boot/efi 96 72 26%
2020-02-01__11:05:57 1 /run/media/szt/软件 210944 135036 36%
2020-02-01__11:05:57 0 disk 361927 266344 27%
2020-02-01__11:06:00 1 / 150887 131236 9%
2020-02-01__11:06:00 1 /boot/efi 96 72 26%
2020-02-01__11:06:00 1 /run/media/szt/软件 210944 135036 36%
2020-02-01__11:06:00 0 disk 361927 266344 27%
2020-02-01__11:06:02 1 / 150887 131236 9%
2020-02-01__11:06:02 1 /boot/efi 96 72 26%
2020-02-01__11:06:02 1 /run/media/szt/软件 210944 135036 36%
2020-02-01__11:06:02 0 disk 361927 266344 27%
2020-02-01__11:06:05 1 / 150887 131236 9%
2020-02-01__11:06:05 1 /boot/efi 96 72 26%
2020-02-01__11:06:05 1 /run/media/szt/软件 210944 135036 36%
2020-02-01__11:06:05 0 disk 361927 266344 27%
2020-02-01__11:06:08 1 / 150887 131236 9%
2020-02-01__11:06:08 1 /boot/efi 96 72 26%
2020-02-01__11:06:08 1 /run/media/szt/软件 210944 135036 36%
2020-02-01__11:06:08 0 disk 361927 266344 27%
2020-02-01__11:06:10 1 / 150887 131236 9%
2020-02-01__11:06:10 1 /boot/efi 96 72 26%
2020-02-01__11:06:10 1 /run/media/szt/软件 210944 135036 36%
2020-02-01__11:06:10 0 disk 361927 266344 27%
2020-02-01__11:06:13 1 / 150887 131236 9%
2020-02-01__11:06:13 1 /boot/efi 96 72 26%
2020-02-01__11:06:13 1 /run/media/szt/软件 210944 135036 36%
2020-02-01__11:06:13 0 disk 361927 266344 27%
2020-02-01__11:06:16 1 / 150887 131236 9%
2020-02-01__11:06:16 1 /boot/efi 96 72 26%
2020-02-01__11:06:16 1 /run/media/szt/软件 210944 135036 36%
2020-02-01__11:06:16 0 disk 361927 266344 27%
2020-02-01__11:06:18 1 / 150887 131236 9%
2020-02-01__11:06:18 1 /boot/efi 96 72 26%
2020-02-01__11:06:18 1 /run/media/szt/软件 210944 135036 36%
2020-02-01__11:06:18 0 disk 361927 266344 27%
2020-02-01__11:06:21 1 / 150887 131236 9%
2020-02-01__11:06:21 1 /boot/efi 96 72 26%
2020-02-01__11:06:21 1 /run/media/szt/软件 210944 135036 36%
2020-02-01__11:06:21 0 disk 361927 266344 27%
2020-02-01__11:06:24 1 / 150887 131236 9%
2020-02-01__11:06:24 1 /boot/efi 96 72 26%
2020-02-01__11:06:24 1 /run/media/szt/软件 210944 135036 36%
2020-02-01__11:06:24 0 disk 361927 266344 27%
2020-02-01__11:06:26 1 / 150887 131236 9%
2020-02-01__11:06:26 1 /boot/efi 96 72 26%
2020-02-01__11:06:26 1 /run/media/szt/软件 210944 135036 36%
2020-02-01__11:06:26 0 disk 361927 266344 27%
2020-02-01__11:06:29 1 / 150887 131236 9%
2020-02-01__11:06:29 1 /boot/efi 96 72 26%
2020-02-01__11:06:29 1 /run/media/szt/软件 210944 135036 36%
2020-02-01__11:06:29 0 disk 361927 266344 27%
2020-02-01__11:06:32 1 / 150887 131236 9%
2020-02-01__11:06:32 1 /boot/efi 96 72 26%
2020-02-01__11:06:32 1 /run/media/szt/软件 210944 135036 36%
2020-02-01__11:06:32 0 disk 361927 266344 27%
2020-02-01__11:06:34 1 / 150887 131236 9%
2020-02-01__11:06:34 1 /boot/efi 96 72 26%
2020-02-01__11:06:34 1 /run/media/szt/软件 210944 135036 36%
2020-02-01__11:06:34 0 disk 361927 266344 27%
2020-02-01__11:06:37 1 / 150887 131236 9%
2020-02-01__11:06:37 1 /boot/efi 96 72 26%
2020-02-01__11:06:37 1 /run/media/szt/软件 210944 135036 36%
2020-02-01__11:06:37 0 disk 361927 266344 27%
2020-02-01__11:06:39 1 / 150887 131236 9%
2020-02-01__11:06:39 1 /boot/efi 96 72 26%
2020-02-01__11:06:39 1 /run/media/szt/软件 210944 135036 36%
2020-02-01__11:06:39 0 disk 361927 266344 27%
2020-02-01__11:06:42 1 / 150887 131236 9%
2020-02-01__11:06:42 1 /boot/efi 96 72 26%
2020-02-01__11:06:42 1 /run/media/szt/软件 210944 135036 36%
2020-02-01__11:06:42 0 disk 361927 266344 27%
2020-02-01__11:06:45 1 / 150887 131236 9%
2020-02-01__11:06:45 1 /boot/efi 96 72 26%
2020-02-01__11:06:45 1 /run/media/szt/软件 210944 135036 36%
2020-02-01__11:06:45 0 disk 361927 266344 27%
2020-02-01__11:06:47 1 / 150887 131236 9%
2020-02-01__11:06:47 1 /boot/efi 96 72 26%
2020-02-01__11:06:47 1 /run/media/szt/软件 210944 135036 36%
2020-02-01__11:06:47 0 disk 361927 266344 27%
2020-02-01__11:06:50 1 / 150887 131236 9%
2020-02-01__11:06:50 1 /boot/efi 96 72 26%
2020-02-01__11:06:50 1 /run/media/szt/软件 210944 135036 36%
2020-02-01__11:06:50 0 disk 361927 266344 27%
2020-02-01__11:06:53 1 / 150887 131236 9%
2020-02-01__11:06:53 1 /boot/efi 96 72 26%
2020-02-01__11:06:53 1 /run/media/szt/软件 210944 135036 36%
2020-02-01__11:06:53 0 disk 361927 266344 27%
2020-02-01__11:06:56 1 / 150887 131236 9%
2020-02-01__11:06:56 1 /boot/efi 96 72 26%
2020-02-01__11:06:56 1 /run/media/szt/软件 210944 135036 36%
2020-02-01__11:06:56 0 disk 361927 266344 27%
2020-02-01__11:06:58 1 / 150887 131236 9%
2020-02-01__11:06:58 1 /boot/efi 96 72 26%
2020-02-01__11:06:58 1 /run/media/szt/软件 210944 135036 36%
2020-02-01__11:06:58 0 disk 361927 266344 27%
2020-02-01__11:07:01 1 / 150887 131237 9%
2020-02-01__11:07:01 1 /boot/efi 96 72 26%
2020-02-01__11:07:01 1 /run/media/szt/软件 210944 135036 36%
2020-02-01__11:07:01 0 disk 361927 266345 27%
2020-02-01__11:07:04 1 / 150887 131237 9%
2020-02-01__11:07:04 1 /boot/efi 96 72 26%
2020-02-01__11:07:04 1 /run/media/szt/软件 210944 135036 36%
2020-02-01__11:07:04 0 disk 361927 266345 27%
2020-02-01__11:07:06 1 / 150887 131237 9%
2020-02-01__11:07:06 1 /boot/efi 96 72 26%
2020-02-01__11:07:06 1 /run/media/szt/软件 210944 135036 36%
2020-02-01__11:07:06 0 disk 361927 266345 27%
2020-02-01__11:07:09 1 / 150887 131237 9%
2020-02-01__11:07:09 1 /boot/efi 96 72 26%
2020-02-01__11:07:09 1 /run/media/szt/软件 210944 135036 36%
2020-02-01__11:07:09 0 disk 361927 266345 27%
2020-02-01__11:07:12 1 / 150887 131237 9%
2020-02-01__11:07:12 1 /boot/efi 96 72 26%
2020-02-01__11:07:12 1 /run/media/szt/软件 210944 135036 36%
2020-02-01__11:07:12 0 disk 361927 266345 27%
2020-02-01__11:07:14 1 / 150887 131237 9%
2020-02-01__11:07:14 1 /boot/efi 96 72 26%
2020-02-01__11:07:14 1 /run/media/szt/软件 210944 135036 36%
2020-02-01__11:07:14 0 disk 361927 266345 27%
2020-02-01__11:07:17 1 / 150887 131237 9%
2020-02-01__11:07:17 1 /boot/efi 96 72 26%
2020-02-01__11:07:17 1 /run/media/szt/软件 210944 135036 36%
2020-02-01__11:07:17 0 disk 361927 266345 27%
2020-02-01__11:07:20 1 / 150887 131237 9%
2020-02-01__11:07:20 1 /boot/efi 96 72 26%
2020-02-01__11:07:20 1 /run/media/szt/软件 210944 135036 36%
2020-02-01__11:07:20 0 disk 361927 266345 27%
2020-02-01__11:07:22 1 / 150887 131237 9%
2020-02-01__11:07:22 1 /boot/efi 96 72 26%
2020-02-01__11:07:22 1 /run/media/szt/软件 210944 135036 36%
2020-02-01__11:07:22 0 disk 361927 266345 27%
2020-02-01__11:07:25 1 / 150887 131237 9%
2020-02-01__11:07:25 1 /boot/efi 96 72 26%
2020-02-01__11:07:25 1 /run/media/szt/软件 210944 135036 36%
2020-02-01__11:07:25 0 disk 361927 266345 27%
2020-02-01__11:07:28 1 / 150887 131237 9%
2020-02-01__11:07:28 1 /boot/efi 96 72 26%
2020-02-01__11:07:28 1 /run/media/szt/软件 210944 135036 36%
2020-02-01__11:07:28 0 disk 361927 266345 27%
2020-02-01__11:07:30 1 / 150887 131237 9%
2020-02-01__11:07:30 1 /boot/efi 96 72 26%
2020-02-01__11:07:30 1 /run/media/szt/软件 210944 135036 36%
2020-02-01__11:07:30 0 disk 361927 266345 27%
2020-02-01__11:07:33 1 / 150887 131237 9%
2020-02-01__11:07:33 1 /boot/efi 96 72 26%
2020-02-01__11:07:33 1 /run/media/szt/软件 210944 135036 36%
2020-02-01__11:07:33 0 disk 361927 266345 27%
2020-02-01__11:07:36 1 / 150887 131237 9%
2020-02-01__11:07:36 1 /boot/efi 96 72 26%
2020-02-01__11:07:36 1 /run/media/szt/软件 210944 135036 36%
2020-02-01__11:07:36 0 disk 361927 266345 27%
2020-02-01__11:07:38 1 / 150887 131237 9%
2020-02-01__11:07:38 1 /boot/efi 96 72 26%
2020-02-01__11:07:38 1 /run/media/szt/软件 210944 135036 36%
2020-02-01__11:07:38 0 disk 361927 266345 27%
2020-02-01__11:07:41 1 / 150887 131237 9%
2020-02-01__11:07:41 1 /boot/efi 96 72 26%
2020-02-01__11:07:41 1 /run/media/szt/软件 210944 135036 36%
2020-02-01__11:07:41 0 disk 361927 266345 27%
2020-02-01__11:07:44 1 / 150887 131237 9%
2020-02-01__11:07:44 1 /boot/efi 96 72 26%
2020-02-01__11:07:44 1 /run/media/szt/软件 210944 135036 36%
2020-02-01__11:07:44 0 disk 361927 266345 27%
2020-02-01__11:07:46 1 / 150887 131237 9%
2020-02-01__11:07:46 1 /boot/efi 96 72 26%
2020-02-01__11:07:46 1 /run/media/szt/软件 210944 135036 36%
2020-02-01__11:07:46 0 disk 361927 266345 27%
2020-02-01__11:07:49 1 / 150887 131237 9%
2020-02-01__11:07:49 1 /boot/efi 96 72 26%
2020-02-01__11:07:49 1 /run/media/szt/软件 210944 135036 36%
2020-02-01__11:07:49 0 disk 361927 266345 27%
2020-02-01__11:07:52 1 / 150887 131237 9%
2020-02-01__11:07:52 1 /boot/efi 96 72 26%
2020-02-01__11:07:52 1 /run/media/szt/软件 210944 135036 36%
2020-02-01__11:07:52 0 disk 361927 266345 27%
2020-02-01__11:07:54 1 / 150887 131237 9%
2020-02-01__11:07:54 1 /boot/efi 96 72 26%
2020-02-01__11:07:54 1 /run/media/szt/软件 210944 135036 36%
2020-02-01__11:07:54 0 disk 361927 266345 27%
2020-02-01__11:07:57 1 / 150887 131237 9%
2020-02-01__11:07:57 1 /boot/efi 96 72 26%
2020-02-01__11:07:57 1 /run/media/szt/软件 210944 135036 36%
2020-02-01__11:07:57 0 disk 361927 266345 27%
2020-02-01__11:08:00 1 / 150887 131237 9%
2020-02-01__11:08:00 1 /boot/efi 96 72 26%
2020-02-01__11:08:00 1 /run/media/szt/软件 210944 135036 36%
2020-02-01__11:08:00 0 disk 361927 266345 27%
2020-02-01__11:08:17 1 / 150887 131237 9%
2020-02-01__11:08:17 1 /boot/efi 96 72 26%
2020-02-01__11:08:17 1 /run/media/szt/软件 210944 135036 36%
2020-02-01__11:08:17 0 disk 361927 266345 27%
2020-02-01__11:08:19 1 / 150887 131237 9%
2020-02-01__11:08:19 1 /boot/efi 96 72 26%
2020-02-01__11:08:19 1 /run/media/szt/软件 210944 135036 36%
2020-02-01__11:08:19 0 disk 361927 266345 27%
2020-02-01__11:08:22 1 / 150887 131237 9%
2020-02-01__11:08:22 1 /boot/efi 96 72 26%
2020-02-01__11:08:22 1 /run/media/szt/软件 210944 135036 36%
2020-02-01__11:08:22 0 disk 361927 266345 27%
2020-02-01__11:08:25 1 / 150887 131237 9%
2020-02-01__11:08:25 1 /boot/efi 96 72 26%
2020-02-01__11:08:25 1 /run/media/szt/软件 210944 135036 36%
2020-02-01__11:08:25 0 disk 361927 266345 27%
2020-02-01__11:08:27 1 / 150887 131237 9%
2020-02-01__11:08:27 1 /boot/efi 96 72 26%
2020-02-01__11:08:27 1 /run/media/szt/软件 210944 135036 36%
2020-02-01__11:08:27 0 disk 361927 266345 27%
2020-02-01__11:08:30 1 / 150887 131237 9%
2020-02-01__11:08:30 1 /boot/efi 96 72 26%
2020-02-01__11:08:30 1 /run/media/szt/软件 210944 135036 36%
2020-02-01__11:08:30 0 disk 361927 266345 27%
2020-02-01__11:08:33 1 / 150887 131237 9%
2020-02-01__11:08:33 1 /boot/efi 96 72 26%
2020-02-01__11:08:33 1 /run/media/szt/软件 210944 135036 36%
2020-02-01__11:08:33 0 disk 361927 266345 27%
2020-02-01__11:08:35 1 / 150887 131237 9%
2020-02-01__11:08:35 1 /boot/efi 96 72 26%
2020-02-01__11:08:35 1 /run/media/szt/软件 210944 135036 36%
2020-02-01__11:08:35 0 disk 361927 266345 27%
2020-02-01__11:08:38 1 / 150887 131237 9%
2020-02-01__11:08:38 1 /boot/efi 96 72 26%
2020-02-01__11:08:38 1 /run/media/szt/软件 210944 135036 36%
2020-02-01__11:08:38 0 disk 361927 266345 27%
2020-02-01__11:08:41 1 / 150887 131237 9%
2020-02-01__11:08:41 1 /boot/efi 96 72 26%
2020-02-01__11:08:41 1 /run/media/szt/软件 210944 135036 36%
2020-02-01__11:08:41 0 disk 361927 266345 27%
2020-02-01__11:16:18 1 / 150887 131237 9%
2020-02-01__11:16:18 1 /boot/efi 96 72 26%
2020-02-01__11:16:18 1 /run/media/szt/软件 210944 135036 36%
2020-02-01__11:16:18 0 disk 361927 266345 27%
2020-02-01__11:16:21 1 / 150887 131238 9%
2020-02-01__11:16:21 1 /boot/efi 96 72 26%
2020-02-01__11:16:21 1 /run/media/szt/软件 210944 135036 36%
2020-02-01__11:16:21 0 disk 361927 266346 27%
2020-02-01__11:16:24 1 / 150887 131238 9%
2020-02-01__11:16:24 1 /boot/efi 96 72 26%
2020-02-01__11:16:24 1 /run/media/szt/软件 210944 135036 36%
2020-02-01__11:16:24 0 disk 361927 266346 27%
2020-02-01__11:16:26 1 / 150887 131238 9%
2020-02-01__11:16:26 1 /boot/efi 96 72 26%
2020-02-01__11:16:26 1 /run/media/szt/软件 210944 135036 36%
2020-02-01__11:16:26 0 disk 361927 266346 27%
2020-02-01__11:16:29 1 / 150887 131238 9%
2020-02-01__11:16:29 1 /boot/efi 96 72 26%
2020-02-01__11:16:29 1 /run/media/szt/软件 210944 135036 36%
2020-02-01__11:16:29 0 disk 361927 266346 27%
2020-02-01__11:16:32 1 / 150887 131238 9%
2020-02-01__11:16:32 1 /boot/efi 96 72 26%
2020-02-01__11:16:32 1 /run/media/szt/软件 210944 135036 36%
2020-02-01__11:16:32 0 disk 361927 266346 27%
2020-02-01__11:16:34 1 / 150887 131238 9%
2020-02-01__11:16:34 1 /boot/efi 96 72 26%
2020-02-01__11:16:34 1 /run/media/szt/软件 210944 135036 36%
2020-02-01__11:16:34 0 disk 361927 266346 27%
2020-02-01__11:16:37 1 / 150887 131238 9%
2020-02-01__11:16:37 1 /boot/efi 96 72 26%
2020-02-01__11:16:37 1 /run/media/szt/软件 210944 135036 36%
2020-02-01__11:16:37 0 disk 361927 266346 27%
2020-02-01__11:16:40 1 / 150887 131238 9%
2020-02-01__11:16:40 1 /boot/efi 96 72 26%
2020-02-01__11:16:40 1 /run/media/szt/软件 210944 135036 36%
2020-02-01__11:16:40 0 disk 361927 266346 27%
2020-02-01__11:16:42 1 / 150887 131238 9%
2020-02-01__11:16:42 1 /boot/efi 96 72 26%
2020-02-01__11:16:42 1 /run/media/szt/软件 210944 135036 36%
2020-02-01__11:16:42 0 disk 361927 266346 27%
2020-02-01__11:16:55 1 / 150887 131236 9%
2020-02-01__11:16:55 1 /boot/efi 96 72 26%
2020-02-01__11:16:55 1 /run/media/szt/软件 210944 135036 36%
2020-02-01__11:16:55 0 disk 361927 266344 27%
2020-02-01__11:16:58 1 / 150887 131236 9%
2020-02-01__11:16:58 1 /boot/efi 96 72 26%
2020-02-01__11:16:58 1 /run/media/szt/软件 210944 135036 36%
2020-02-01__11:16:58 0 disk 361927 266344 27%
2020-02-01__11:17:01 1 / 150887 131236 9%
2020-02-01__11:17:01 1 /boot/efi 96 72 26%
2020-02-01__11:17:01 1 /run/media/szt/软件 210944 135036 36%
2020-02-01__11:17:01 0 disk 361927 266344 27%
2020-02-01__11:17:03 1 / 150887 131234 9%
2020-02-01__11:17:03 1 /boot/efi 96 72 26%
2020-02-01__11:17:03 1 /run/media/szt/软件 210944 135036 36%
2020-02-01__11:17:03 0 disk 361927 266342 27%
2020-02-01__11:17:06 1 / 150887 131234 9%
2020-02-01__11:17:06 1 /boot/efi 96 72 26%
2020-02-01__11:17:06 1 /run/media/szt/软件 210944 135036 36%
2020-02-01__11:17:06 0 disk 361927 266342 27%
2020-02-01__11:17:09 1 / 150887 131234 9%
2020-02-01__11:17:09 1 /boot/efi 96 72 26%
2020-02-01__11:17:09 1 /run/media/szt/软件 210944 135036 36%
2020-02-01__11:17:09 0 disk 361927 266342 27%
2020-02-01__11:17:11 1 / 150887 131234 9%
2020-02-01__11:17:11 1 /boot/efi 96 72 26%
2020-02-01__11:17:11 1 /run/media/szt/软件 210944 135036 36%
2020-02-01__11:17:11 0 disk 361927 266342 27%
2020-02-01__11:17:14 1 / 150887 131234 9%
2020-02-01__11:17:14 1 /boot/efi 96 72 26%
2020-02-01__11:17:14 1 /run/media/szt/软件 210944 135036 36%
2020-02-01__11:17:14 0 disk 361927 266342 27%
2020-02-01__11:17:17 1 / 150887 131234 9%
2020-02-01__11:17:17 1 /boot/efi 96 72 26%
2020-02-01__11:17:17 1 /run/media/szt/软件 210944 135036 36%
2020-02-01__11:17:17 0 disk 361927 266342 27%
2020-02-01__11:17:19 1 / 150887 131234 9%
2020-02-01__11:17:19 1 /boot/efi 96 72 26%
2020-02-01__11:17:19 1 /run/media/szt/软件 210944 135036 36%
2020-02-01__11:17:19 0 disk 361927 266342 27%
2020-02-01__11:17:22 1 / 150887 131234 9%
2020-02-01__11:17:22 1 /boot/efi 96 72 26%
2020-02-01__11:17:22 1 /run/media/szt/软件 210944 135036 36%
2020-02-01__11:17:22 0 disk 361927 266342 27%
2020-02-01__11:17:25 1 / 150887 131234 9%
2020-02-01__11:17:25 1 /boot/efi 96 72 26%
2020-02-01__11:17:25 1 /run/media/szt/软件 210944 135036 36%
2020-02-01__11:17:25 0 disk 361927 266342 27%
2020-02-01__11:17:27 1 / 150887 131234 9%
2020-02-01__11:17:27 1 /boot/efi 96 72 26%
2020-02-01__11:17:27 1 /run/media/szt/软件 210944 135036 36%
2020-02-01__11:17:27 0 disk 361927 266342 27%
2020-02-01__11:17:30 1 / 150887 131234 9%
2020-02-01__11:17:30 1 /boot/efi 96 72 26%
2020-02-01__11:17:30 1 /run/media/szt/软件 210944 135036 36%
2020-02-01__11:17:30 0 disk 361927 266342 27%
2020-02-01__11:17:33 1 / 150887 131234 9%
2020-02-01__11:17:33 1 /boot/efi 96 72 26%
2020-02-01__11:17:33 1 /run/media/szt/软件 210944 135036 36%
2020-02-01__11:17:33 0 disk 361927 266342 27%
2020-02-01__14:52:33 1 / 150887 131201 9%
2020-02-01__14:52:33 1 /boot/efi 96 72 26%
2020-02-01__14:52:33 0 disk 150983 131273 14%
2020-02-01__14:52:35 1 / 150887 131201 9%
2020-02-01__14:52:35 1 /boot/efi 96 72 26%
2020-02-01__14:52:35 0 disk 150983 131273 14%
2020-02-01__14:52:38 1 / 150887 131201 9%
2020-02-01__14:52:38 1 /boot/efi 96 72 26%
2020-02-01__14:52:38 0 disk 150983 131273 14%
2020-02-01__14:52:41 1 / 150887 131201 9%
2020-02-01__14:52:41 1 /boot/efi 96 72 26%
2020-02-01__14:52:41 0 disk 150983 131273 14%
2020-02-01__14:52:43 1 / 150887 131201 9%
2020-02-01__14:52:43 1 /boot/efi 96 72 26%
2020-02-01__14:52:43 0 disk 150983 131273 14%
2020-02-01__14:52:46 1 / 150887 131201 9%
2020-02-01__14:52:46 1 /boot/efi 96 72 26%
2020-02-01__14:52:46 0 disk 150983 131273 14%
2020-02-01__14:52:49 1 / 150887 131201 9%
2020-02-01__14:52:49 1 /boot/efi 96 72 26%
2020-02-01__14:52:49 0 disk 150983 131273 14%
2020-02-01__14:52:51 1 / 150887 131201 9%
2020-02-01__14:52:51 1 /boot/efi 96 72 26%
2020-02-01__14:52:51 0 disk 150983 131273 14%
2020-02-01__14:52:54 1 / 150887 131201 9%
2020-02-01__14:52:54 1 /boot/efi 96 72 26%
2020-02-01__14:52:54 0 disk 150983 131273 14%
2020-02-01__14:52:57 1 / 150887 131201 9%
2020-02-01__14:52:57 1 /boot/efi 96 72 26%
2020-02-01__14:52:57 0 disk 150983 131273 14%
2020-02-01__14:52:59 1 / 150887 131201 9%
2020-02-01__14:52:59 1 /boot/efi 96 72 26%
2020-02-01__14:52:59 0 disk 150983 131273 14%
2020-02-01__14:53:02 1 / 150887 131201 9%
2020-02-01__14:53:02 1 /boot/efi 96 72 26%
2020-02-01__14:53:02 0 disk 150983 131273 14%
2020-02-01__14:53:05 1 / 150887 131201 9%
2020-02-01__14:53:05 1 /boot/efi 96 72 26%
2020-02-01__14:53:05 0 disk 150983 131273 14%
2020-02-01__14:53:07 1 / 150887 131201 9%
2020-02-01__14:53:07 1 /boot/efi 96 72 26%
2020-02-01__14:53:07 0 disk 150983 131273 14%
2020-02-01__14:53:10 1 / 150887 131201 9%
2020-02-01__14:53:10 1 /boot/efi 96 72 26%
2020-02-01__14:53:10 0 disk 150983 131273 14%
2020-02-01__14:53:13 1 / 150887 131201 9%
2020-02-01__14:53:13 1 /boot/efi 96 72 26%
2020-02-01__14:53:13 0 disk 150983 131273 14%
2020-02-01__14:53:15 1 / 150887 131201 9%
2020-02-01__14:53:15 1 /boot/efi 96 72 26%
2020-02-01__14:53:15 0 disk 150983 131273 14%
2020-02-01__14:53:18 1 / 150887 131201 9%
2020-02-01__14:53:18 1 /boot/efi 96 72 26%
2020-02-01__14:53:18 0 disk 150983 131273 14%
2020-02-01__14:53:21 1 / 150887 131201 9%
2020-02-01__14:53:21 1 /boot/efi 96 72 26%
2020-02-01__14:53:21 0 disk 150983 131273 14%
2020-02-01__14:53:24 1 / 150887 131201 9%
2020-02-01__14:53:24 1 /boot/efi 96 72 26%
2020-02-01__14:53:24 0 disk 150983 131273 14%
2020-02-01__14:53:26 1 / 150887 131201 9%
2020-02-01__14:53:26 1 /boot/efi 96 72 26%
2020-02-01__14:53:26 0 disk 150983 131273 14%
2020-02-01__14:53:29 1 / 150887 131201 9%
2020-02-01__14:53:29 1 /boot/efi 96 72 26%
2020-02-01__14:53:29 0 disk 150983 131273 14%
2020-02-01__14:53:32 1 / 150887 131201 9%
2020-02-01__14:53:32 1 /boot/efi 96 72 26%
2020-02-01__14:53:32 0 disk 150983 131273 14%
2020-02-01__14:53:34 1 / 150887 131201 9%
2020-02-01__14:53:34 1 /boot/efi 96 72 26%
2020-02-01__14:53:34 0 disk 150983 131273 14%
2020-02-01__14:53:37 1 / 150887 131201 9%
2020-02-01__14:53:37 1 /boot/efi 96 72 26%
2020-02-01__14:53:37 0 disk 150983 131273 14%
2020-02-01__14:53:40 1 / 150887 131201 9%
2020-02-01__14:53:40 1 /boot/efi 96 72 26%
2020-02-01__14:53:40 0 disk 150983 131273 14%
2020-02-01__14:53:42 1 / 150887 131201 9%
2020-02-01__14:53:42 1 /boot/efi 96 72 26%
2020-02-01__14:53:42 0 disk 150983 131273 14%
2020-02-01__14:53:45 1 / 150887 131201 9%
2020-02-01__14:53:45 1 /boot/efi 96 72 26%
2020-02-01__14:53:45 0 disk 150983 131273 14%
2020-02-01__14:53:48 1 / 150887 131201 9%
2020-02-01__14:53:48 1 /boot/efi 96 72 26%
2020-02-01__14:53:48 0 disk 150983 131273 14%
2020-02-01__14:53:50 1 / 150887 131201 9%
2020-02-01__14:53:50 1 /boot/efi 96 72 26%
2020-02-01__14:53:50 0 disk 150983 131273 14%
2020-02-01__14:53:59 1 / 150887 131201 9%
2020-02-01__14:53:59 1 /boot/efi 96 72 26%
2020-02-01__14:53:59 0 disk 150983 131273 14%
2020-02-01__14:54:02 1 / 150887 131201 9%
2020-02-01__14:54:02 1 /boot/efi 96 72 26%
2020-02-01__14:54:02 0 disk 150983 131273 14%
2020-02-01__14:54:04 1 / 150887 131201 9%
2020-02-01__14:54:04 1 /boot/efi 96 72 26%
2020-02-01__14:54:04 0 disk 150983 131273 14%
2020-02-01__14:54:07 1 / 150887 131201 9%
2020-02-01__14:54:07 1 /boot/efi 96 72 26%
2020-02-01__14:54:07 0 disk 150983 131273 14%
2020-02-01__14:54:10 1 / 150887 131201 9%
2020-02-01__14:54:10 1 /boot/efi 96 72 26%
2020-02-01__14:54:10 0 disk 150983 131273 14%
2020-02-01__14:55:45 1 / 150887 131201 9%
2020-02-01__14:55:45 1 /boot/efi 96 72 26%
2020-02-01__14:55:45 0 disk 150983 131273 14%
2020-02-01__14:55:48 1 / 150887 131201 9%
2020-02-01__14:55:48 1 /boot/efi 96 72 26%
2020-02-01__14:55:48 0 disk 150983 131273 14%
2020-02-01__14:55:50 1 / 150887 131201 9%
2020-02-01__14:55:50 1 /boot/efi 96 72 26%
2020-02-01__14:55:50 0 disk 150983 131273 14%
2020-02-01__14:55:53 1 / 150887 131201 9%
2020-02-01__14:55:53 1 /boot/efi 96 72 26%
2020-02-01__14:55:53 0 disk 150983 131273 14%
2020-02-01__14:55:56 1 / 150887 131201 9%
2020-02-01__14:55:56 1 /boot/efi 96 72 26%
2020-02-01__14:55:56 0 disk 150983 131273 14%
2020-02-01__14:55:58 1 / 150887 131201 9%
2020-02-01__14:55:58 1 /boot/efi 96 72 26%
2020-02-01__14:55:58 0 disk 150983 131273 14%
2020-02-01__14:56:01 1 / 150887 131201 9%
2020-02-01__14:56:01 1 /boot/efi 96 72 26%
2020-02-01__14:56:01 0 disk 150983 131273 14%
2020-02-01__14:56:04 1 / 150887 131201 9%
2020-02-01__14:56:04 1 /boot/efi 96 72 26%
2020-02-01__14:56:04 0 disk 150983 131273 14%
2020-02-01__14:56:06 1 / 150887 131201 9%
2020-02-01__14:56:06 1 /boot/efi 96 72 26%
2020-02-01__14:56:06 0 disk 150983 131273 14%
2020-02-01__14:56:09 1 / 150887 131201 9%
2020-02-01__14:56:09 1 /boot/efi 96 72 26%
2020-02-01__14:56:09 0 disk 150983 131273 14%
2020-02-01__14:56:12 1 / 150887 131201 9%
2020-02-01__14:56:12 1 /boot/efi 96 72 26%
2020-02-01__14:56:12 0 disk 150983 131273 14%
2020-02-01__14:56:14 1 / 150887 131201 9%
2020-02-01__14:56:14 1 /boot/efi 96 72 26%
2020-02-01__14:56:14 0 disk 150983 131273 14%
2020-02-01__14:56:17 1 / 150887 131201 9%
2020-02-01__14:56:17 1 /boot/efi 96 72 26%
2020-02-01__14:56:17 0 disk 150983 131273 14%
2020-02-01__14:56:20 1 / 150887 131201 9%
2020-02-01__14:56:20 1 /boot/efi 96 72 26%
2020-02-01__14:56:20 0 disk 150983 131273 14%
2020-02-01__14:56:22 1 / 150887 131201 9%
2020-02-01__14:56:22 1 /boot/efi 96 72 26%
2020-02-01__14:56:22 0 disk 150983 131273 14%
2020-02-01__14:56:25 1 / 150887 131200 9%
2020-02-01__14:56:25 1 /boot/efi 96 72 26%
2020-02-01__14:56:25 0 disk 150983 131272 14%
2020-02-01__14:56:28 1 / 150887 131200 9%
2020-02-01__14:56:28 1 /boot/efi 96 72 26%
2020-02-01__14:56:28 0 disk 150983 131272 14%
2020-02-01__14:56:30 1 / 150887 131200 9%
2020-02-01__14:56:30 1 /boot/efi 96 72 26%
2020-02-01__14:56:30 0 disk 150983 131272 14%
2020-02-01__14:56:33 1 / 150887 131200 9%
2020-02-01__14:56:33 1 /boot/efi 96 72 26%
2020-02-01__14:56:33 0 disk 150983 131272 14%
2020-02-01__14:56:36 1 / 150887 131200 9%
2020-02-01__14:56:36 1 /boot/efi 96 72 26%
2020-02-01__14:56:36 0 disk 150983 131272 14%
2020-02-01__14:56:51 1 / 150887 131200 9%
2020-02-01__14:56:51 1 /boot/efi 96 72 26%
2020-02-01__14:56:51 0 disk 150983 131272 14%
2020-02-01__14:56:53 1 / 150887 131200 9%
2020-02-01__14:56:53 1 /boot/efi 96 72 26%
2020-02-01__14:56:53 0 disk 150983 131272 14%
2020-02-01__14:56:56 1 / 150887 131200 9%
2020-02-01__14:56:56 1 /boot/efi 96 72 26%
2020-02-01__14:56:56 0 disk 150983 131272 14%
2020-02-01__14:56:59 1 / 150887 131200 9%
2020-02-01__14:56:59 1 /boot/efi 96 72 26%
2020-02-01__14:56:59 0 disk 150983 131272 14%
2020-02-01__14:57:01 1 / 150887 131200 9%
2020-02-01__14:57:01 1 /boot/efi 96 72 26%
2020-02-01__14:57:01 0 disk 150983 131272 14%
2020-02-01__14:57:04 1 / 150887 131200 9%
2020-02-01__14:57:04 1 /boot/efi 96 72 26%
2020-02-01__14:57:04 0 disk 150983 131272 14%
2020-02-01__14:57:07 1 / 150887 131200 9%
2020-02-01__14:57:07 1 /boot/efi 96 72 26%
2020-02-01__14:57:07 0 disk 150983 131272 14%
2020-02-01__14:57:09 1 / 150887 131200 9%
2020-02-01__14:57:09 1 /boot/efi 96 72 26%
2020-02-01__14:57:09 0 disk 150983 131272 14%
2020-02-01__14:57:12 1 / 150887 131200 9%
2020-02-01__14:57:12 1 /boot/efi 96 72 26%
2020-02-01__14:57:12 0 disk 150983 131272 14%
2020-02-01__14:57:15 1 / 150887 131200 9%
2020-02-01__14:57:15 1 /boot/efi 96 72 26%
2020-02-01__14:57:15 0 disk 150983 131272 14%
2020-02-01__14:57:18 1 / 150887 131200 9%
2020-02-01__14:57:18 1 /boot/efi 96 72 26%
2020-02-01__14:57:18 0 disk 150983 131272 14%
2020-02-01__14:57:20 1 / 150887 131200 9%
2020-02-01__14:57:20 1 /boot/efi 96 72 26%
2020-02-01__14:57:20 0 disk 150983 131272 14%
2020-02-01__14:57:23 1 / 150887 131200 9%
2020-02-01__14:57:23 1 /boot/efi 96 72 26%
2020-02-01__14:57:23 0 disk 150983 131272 14%
2020-02-01__14:57:26 1 / 150887 131200 9%
2020-02-01__14:57:26 1 /boot/efi 96 72 26%
2020-02-01__14:57:26 0 disk 150983 131272 14%
2020-02-01__14:57:28 1 / 150887 131200 9%
2020-02-01__14:57:28 1 /boot/efi 96 72 26%
2020-02-01__14:57:28 0 disk 150983 131272 14%
2020-02-01__15:00:21 1 / 150887 131200 9%
2020-02-01__15:00:21 1 /boot/efi 96 72 26%
2020-02-01__15:00:21 0 disk 150983 131272 14%
2020-02-01__15:00:23 1 / 150887 131200 9%
2020-02-01__15:00:23 1 /boot/efi 96 72 26%
2020-02-01__15:00:23 0 disk 150983 131272 14%
2020-02-01__15:00:26 1 / 150887 131200 9%
2020-02-01__15:00:26 1 /boot/efi 96 72 26%
2020-02-01__15:00:26 0 disk 150983 131272 14%
2020-02-01__15:00:29 1 / 150887 131200 9%
2020-02-01__15:00:29 1 /boot/efi 96 72 26%
2020-02-01__15:00:29 0 disk 150983 131272 14%
2020-02-01__15:00:31 1 / 150887 131200 9%
2020-02-01__15:00:31 1 /boot/efi 96 72 26%
2020-02-01__15:00:31 0 disk 150983 131272 14%
2020-02-01__15:00:34 1 / 150887 131200 9%
2020-02-01__15:00:34 1 /boot/efi 96 72 26%
2020-02-01__15:00:34 0 disk 150983 131272 14%
2020-02-01__15:00:37 1 / 150887 131200 9%
2020-02-01__15:00:37 1 /boot/efi 96 72 26%
2020-02-01__15:00:37 0 disk 150983 131272 14%
2020-02-01__15:00:39 1 / 150887 131200 9%
2020-02-01__15:00:39 1 /boot/efi 96 72 26%
2020-02-01__15:00:39 0 disk 150983 131272 14%
2020-02-01__15:00:42 1 / 150887 131200 9%
2020-02-01__15:00:42 1 /boot/efi 96 72 26%
2020-02-01__15:00:42 0 disk 150983 131272 14%
2020-02-01__15:00:45 1 / 150887 131200 9%
2020-02-01__15:00:45 1 /boot/efi 96 72 26%
2020-02-01__15:00:45 0 disk 150983 131272 14%
2020-02-01__15:00:47 1 / 150887 131200 9%
2020-02-01__15:00:47 1 /boot/efi 96 72 26%
2020-02-01__15:00:47 0 disk 150983 131272 14%
2020-02-01__15:00:50 1 / 150887 131200 9%
2020-02-01__15:00:50 1 /boot/efi 96 72 26%
2020-02-01__15:00:50 0 disk 150983 131272 14%
2020-02-01__15:00:53 1 / 150887 131200 9%
2020-02-01__15:00:53 1 /boot/efi 96 72 26%
2020-02-01__15:00:53 0 disk 150983 131272 14%
2020-02-01__15:00:55 1 / 150887 131200 9%
2020-02-01__15:00:55 1 /boot/efi 96 72 26%
2020-02-01__15:00:55 0 disk 150983 131272 14%
2020-02-01__15:00:58 1 / 150887 131200 9%
2020-02-01__15:00:58 1 /boot/efi 96 72 26%
2020-02-01__15:00:58 0 disk 150983 131272 14%
